<?xml version="1.0" encoding="UTF-8"?>
<testng-results ignored="0" total="1" passed="1" failed="0" skipped="0">
  <reporter-output>
  </reporter-output>
  <suite started-at="2023-05-03T16:11:56 IST" name="Default suite" finished-at="2023-05-03T16:12:40 IST" duration-ms="44743">
    <groups>
    </groups>
    <test started-at="2023-05-03T16:11:56 IST" name="Default test" finished-at="2023-05-03T16:12:40 IST" duration-ms="44743">
      <class name="NEW2">
        <test-method is-config="true" signature="beforeTest()[pri:0, instance:NEW2@f0da945]" started-at="2023-05-03T16:11:56 IST" name="beforeTest" finished-at="2023-05-03T16:12:01 IST" duration-ms="4922" status="PASS">
          <reporter-output>
          </reporter-output>
        </test-method> <!-- beforeTest -->
        <test-method signature="Test1()[pri:0, instance:NEW2@f0da945]" started-at="2023-05-03T16:12:01 IST" name="Test1" finished-at="2023-05-03T16:12:38 IST" duration-ms="37033" status="PASS">
          <reporter-output>
          </reporter-output>
        </test-method> <!-- Test1 -->
        <test-method is-config="true" signature="afterTest()[pri:0, instance:NEW2@f0da945]" started-at="2023-05-03T16:12:38 IST" name="afterTest" finished-at="2023-05-03T16:12:40 IST" duration-ms="2757" status="PASS">
          <reporter-output>
          </reporter-output>
        </test-method> <!-- afterTest -->
      </class> <!-- NEW2 -->
    </test> <!-- Default test -->
  </suite> <!-- Default suite -->
</testng-results>
